Arguments: 
  /root/.nvm/versions/node/v18.16.1/bin/node /root/.nvm/versions/node/v18.16.1/bin/yarn start-force

PATH: 
  /root/.nvm/versions/node/v18.16.1/bin:/usr/local/sbin:/usr/local/bin:/usr/sbin:/usr/bin:/sbin:/bin:/usr/games:/usr/local/games:/usr/lib/wsl/lib:/mnt/c/Program Files/WindowsApps/MicrosoftCorporationII.WindowsSubsystemForLinux_1.2.5.0_x64__8wekyb3d8bbwe:/mnt/c/Ruby32-x64/bin:/mnt/c/Program Files/Eclipse Foundation/jdk-8.0.302.8-hotspot/bin:/mnt/c/Program Files/ImageMagick-7.1.0-Q16-HDRI:/mnt/c/Program Files/Eclipse Adoptium/jdk-11.0.16.101-hotspot/bin:/mnt/c/Windows/system32:/mnt/c/Windows:/mnt/c/Windows/System32/Wbem:/mnt/c/Windows/System32/WindowsPowerShell/v1.0/:/mnt/c/Windows/System32/OpenSSH/:/mnt/c/Program Files (x86)/NVIDIA Corporation/PhysX/Common:/mnt/c/Program Files/NVIDIA Corporation/NVIDIA NvDLISR:/mnt/c/Program Files/Git/cmd:/mnt/c/Program Files/Git/mingw64/bin:/mnt/c/Program Files/Git/usr/bin:/mnt/c/Program Files/nodejs/:/mnt/c/ProgramData/chocolatey/bin:/mnt/c/Program Files/Calibre2/:/mnt/c/WINDOWS/system32:/mnt/c/WINDOWS:/mnt/c/WINDOWS/System32/Wbem:/mnt/c/WINDOWS/System32/WindowsPowerShell/v1.0/:/mnt/c/WINDOWS/System32/OpenSSH/:/mnt/c/ProgramData/anaconda3/condabin:/mnt/c/Users/Omar/AppData/Local/Programs/Python/Python37/Scripts/:/mnt/c/Users/Omar/AppData/Local/Programs/Python/Python37/:/mnt/c/Users/Omar/AppData/Local/pnpm:/mnt/c/Users/Omar/AppData/Local/Microsoft/WindowsApps:/mnt/c/Users/Omar/AppData/Roaming/npm:/mnt/c/ffmpeg/bin:/mnt/c/Users/Omar/AppData/Local/Programs/Microsoft VS Code/bin:/mnt/c/Program Files/glslViewer/bin:/mnt/c/Users/Omar/AppData/Local/Android/Sdk/platform-tools:/snap/bin

Yarn version: 
  1.22.19

Node version: 
  18.16.1

Platform: 
  linux x64

Trace: 
  SyntaxError: /mnt/c/Workspace/Misc/codeday-labs-2023/heatmap-comparison/package.json: Unexpected string in JSON at position 172
      at JSON.parse (<anonymous>)
      at /root/.nvm/versions/node/v18.16.1/lib/node_modules/yarn/lib/cli.js:1629:59
      at Generator.next (<anonymous>)
      at step (/root/.nvm/versions/node/v18.16.1/lib/node_modules/yarn/lib/cli.js:310:30)
      at /root/.nvm/versions/node/v18.16.1/lib/node_modules/yarn/lib/cli.js:321:13

npm manifest: 
  {
    "name": "deckgl-example-pure-js-mapbox",
    "version": "0.0.0",
    "private": true,
    "license": "MIT",
    "scripts": {
      "start": "vite",
      "build": "vite build"
      "start-force": "vite --force"
    },
    "dependencies": {
      "@deck.gl/aggregation-layers": "file://root/deck.gl/modules/aggregation-layers/",
      "@deck.gl/core": "^8.8.0",
      "@deck.gl/layers": "^8.8.0",
      "@deck.gl/mapbox": "^8.8.0",
      "mapbox-gl": "^1.13.0"
    },
    "devDependencies": {
      "vite": "^4.0.0"
    }
  }

yarn manifest: 
  No manifest

Lockfile: 
  # THIS IS AN AUTOGENERATED FILE. DO NOT EDIT THIS FILE DIRECTLY.
  # yarn lockfile v1
  
  
  "@babel/runtime@^7.0.0", "@babel/runtime@^7.12.0", "@babel/runtime@^7.3.1":
    version "7.22.6"
    resolved "https://registry.yarnpkg.com/@babel/runtime/-/runtime-7.22.6.tgz#57d64b9ae3cff1d67eb067ae117dac087f5bd438"
    integrity sha512-wDb5pWm4WDdF6LFUde3Jl8WzPA+3ZbxYqkC6xAXuD3irdEHN1k0NfTRrJD8ZD378SJ61miMLCqIOXYhd8x+AJQ==
    dependencies:
      regenerator-runtime "^0.13.11"
  
  "@deck.gl/aggregation-layers@file://root/deck.gl/modules/aggregation-layers/":
    version "8.10.0-alpha.1"
    dependencies:
      "@luma.gl/constants" "^8.5.20"
      "@luma.gl/shadertools" "^8.5.20"
      "@math.gl/web-mercator" "^3.6.2"
      d3-hexbin "^0.2.1"
  
  "@deck.gl/core@^8.8.0":
    version "8.9.20"
    resolved "https://registry.yarnpkg.com/@deck.gl/core/-/core-8.9.20.tgz#ab11d46df70cb42d7a00edec3b221a5dd72ad349"
    integrity sha512-RC4ODZ0+zn5C4hIG9JlXi1JNdMZJPgRDkUx7K2ulMXYOETkoIoah/yuhl2FcGOAz+k6mMkGdgd7JTsqfUyejYw==
    dependencies:
      "@loaders.gl/core" "^3.4.2"
      "@loaders.gl/images" "^3.4.2"
      "@luma.gl/constants" "^8.5.20"
      "@luma.gl/core" "^8.5.20"
      "@luma.gl/webgl" "^8.5.20"
      "@math.gl/core" "^3.6.2"
      "@math.gl/sun" "^3.6.2"
      "@math.gl/web-mercator" "^3.6.2"
      "@probe.gl/env" "^3.5.0"
      "@probe.gl/log" "^3.5.0"
      "@probe.gl/stats" "^3.5.0"
      gl-matrix "^3.0.0"
      math.gl "^3.6.2"
      mjolnir.js "^2.7.0"
  
  "@deck.gl/layers@^8.8.0":
    version "8.9.20"
    resolved "https://registry.yarnpkg.com/@deck.gl/layers/-/layers-8.9.20.tgz#06785f53b1880df02aeee37ceff00bb29dca8d79"
    integrity sha512-KQQ8VsCGioxIOpcocIxUiATnxqwEzlPDznnj0Q47YIPzZWCRp4Ow2w9Nclne4wP1mCb25nuslCjyw5CgdxGXgQ==
    dependencies:
      "@loaders.gl/images" "^3.4.2"
      "@loaders.gl/schema" "^3.4.2"
      "@luma.gl/constants" "^8.5.20"
      "@mapbox/tiny-sdf" "^2.0.5"
      "@math.gl/core" "^3.6.2"
      "@math.gl/polygon" "^3.6.2"
      "@math.gl/web-mercator" "^3.6.2"
      earcut "^2.2.4"
  
  "@deck.gl/mapbox@^8.8.0":
    version "8.9.20"
    resolved "https://registry.yarnpkg.com/@deck.gl/mapbox/-/mapbox-8.9.20.tgz#534dafd1758c67c78b5eec580517267c3423490a"
    integrity sha512-5yWYcOJ6lSxf1+ujDvMp3kfSnzP3+sC4KHzmeY9eJ4BogiZ4m/SKrnGGIrrTnFO9py2KqqtCoCEplyKR9kWbig==
    dependencies:
      "@types/mapbox-gl" "^2.6.3"
  
  "@esbuild/android-arm64@0.18.11":
    version "0.18.11"
    resolved "https://registry.yarnpkg.com/@esbuild/android-arm64/-/android-arm64-0.18.11.tgz#fa6f0cc7105367cb79cc0a8bf32bf50cb1673e45"
    integrity sha512-snieiq75Z1z5LJX9cduSAjUr7vEI1OdlzFPMw0HH5YI7qQHDd3qs+WZoMrWYDsfRJSq36lIA6mfZBkvL46KoIw==
  
  "@esbuild/android-arm@0.18.11":
    version "0.18.11"
    resolved "https://registry.yarnpkg.com/@esbuild/android-arm/-/android-arm-0.18.11.tgz#ae84a410696c9f549a15be94eaececb860bacacb"
    integrity sha512-q4qlUf5ucwbUJZXF5tEQ8LF7y0Nk4P58hOsGk3ucY0oCwgQqAnqXVbUuahCddVHfrxmpyewRpiTHwVHIETYu7Q==
  
  "@esbuild/android-x64@0.18.11":
    version "0.18.11"
    resolved "https://registry.yarnpkg.com/@esbuild/android-x64/-/android-x64-0.18.11.tgz#0e58360bbc789ad0d68174d32ba20e678c2a16b6"
    integrity sha512-iPuoxQEV34+hTF6FT7om+Qwziv1U519lEOvekXO9zaMMlT9+XneAhKL32DW3H7okrCOBQ44BMihE8dclbZtTuw==
  
  "@esbuild/darwin-arm64@0.18.11":
    version "0.18.11"
    resolved "https://registry.yarnpkg.com/@esbuild/darwin-arm64/-/darwin-arm64-0.18.11.tgz#fcdcd2ef76ca656540208afdd84f284072f0d1f9"
    integrity sha512-Gm0QkI3k402OpfMKyQEEMG0RuW2LQsSmI6OeO4El2ojJMoF5NLYb3qMIjvbG/lbMeLOGiW6ooU8xqc+S0fgz2w==
  
  "@esbuild/darwin-x64@0.18.11":
    version "0.18.11"
    resolved "https://registry.yarnpkg.com/@esbuild/darwin-x64/-/darwin-x64-0.18.11.tgz#c5ac602ec0504a8ff81e876bc8a9811e94d69d37"
    integrity sha512-N15Vzy0YNHu6cfyDOjiyfJlRJCB/ngKOAvoBf1qybG3eOq0SL2Lutzz9N7DYUbb7Q23XtHPn6lMDF6uWbGv9Fw==
  
  "@esbuild/freebsd-arm64@0.18.11":
    version "0.18.11"
    resolved "https://registry.yarnpkg.com/@esbuild/freebsd-arm64/-/freebsd-arm64-0.18.11.tgz#7012fb06ee3e6e0d5560664a65f3fefbcc46db2e"
    integrity sha512-atEyuq6a3omEY5qAh5jIORWk8MzFnCpSTUruBgeyN9jZq1K/QI9uke0ATi3MHu4L8c59CnIi4+1jDKMuqmR71A==
  
  "@esbuild/freebsd-x64@0.18.11":
    version "0.18.11"
    resolved "https://registry.yarnpkg.com/@esbuild/freebsd-x64/-/freebsd-x64-0.18.11.tgz#c5de1199f70e1f97d5c8fca51afa9bf9a2af5969"
    integrity sha512-XtuPrEfBj/YYYnAAB7KcorzzpGTvOr/dTtXPGesRfmflqhA4LMF0Gh/n5+a9JBzPuJ+CGk17CA++Hmr1F/gI0Q==
  
  "@esbuild/linux-arm64@0.18.11":
    version "0.18.11"
    resolved "https://registry.yarnpkg.com/@esbuild/linux-arm64/-/linux-arm64-0.18.11.tgz#2a6d3a74e0b8b5f294e22b4515b29f76ebd42660"
    integrity sha512-c6Vh2WS9VFKxKZ2TvJdA7gdy0n6eSy+yunBvv4aqNCEhSWVor1TU43wNRp2YLO9Vng2G+W94aRz+ILDSwAiYog==
  
  "@esbuild/linux-arm@0.18.11":
    version "0.18.11"
    resolved "https://registry.yarnpkg.com/@esbuild/linux-arm/-/linux-arm-0.18.11.tgz#5175bd61b793b436e4aece6328aa0d9be07751e1"
    integrity sha512-Idipz+Taso/toi2ETugShXjQ3S59b6m62KmLHkJlSq/cBejixmIydqrtM2XTvNCywFl3VC7SreSf6NV0i6sRyg==
  
  "@esbuild/linux-ia32@0.18.11":
    version "0.18.11"
    resolved "https://registry.yarnpkg.com/@esbuild/linux-ia32/-/linux-ia32-0.18.11.tgz#20ee6cfd65a398875f321a485e7b2278e5f6f67b"
    integrity sha512-S3hkIF6KUqRh9n1Q0dSyYcWmcVa9Cg+mSoZEfFuzoYXXsk6196qndrM+ZiHNwpZKi3XOXpShZZ+9dfN5ykqjjw==
  
  "@esbuild/linux-loong64@0.18.11":
    version "0.18.11"
    resolved "https://registry.yarnpkg.com/@esbuild/linux-loong64/-/linux-loong64-0.18.11.tgz#8e7b251dede75083bf44508dab5edce3f49d052b"
    integrity sha512-MRESANOoObQINBA+RMZW+Z0TJWpibtE7cPFnahzyQHDCA9X9LOmGh68MVimZlM9J8n5Ia8lU773te6O3ILW8kw==
  
  "@esbuild/linux-mips64el@0.18.11":
    version "0.18.11"
    resolved "https://registry.yarnpkg.com/@esbuild/linux-mips64el/-/linux-mips64el-0.18.11.tgz#a3125eb48538ac4932a9d05089b157f94e443165"
    integrity sha512-qVyPIZrXNMOLYegtD1u8EBccCrBVshxMrn5MkuFc3mEVsw7CCQHaqZ4jm9hbn4gWY95XFnb7i4SsT3eflxZsUg==
  
  "@esbuild/linux-ppc64@0.18.11":
    version "0.18.11"
    resolved "https://registry.yarnpkg.com/@esbuild/linux-ppc64/-/linux-ppc64-0.18.11.tgz#842abadb7a0995bd539adee2be4d681b68279499"
    integrity sha512-T3yd8vJXfPirZaUOoA9D2ZjxZX4Gr3QuC3GztBJA6PklLotc/7sXTOuuRkhE9W/5JvJP/K9b99ayPNAD+R+4qQ==
  
  "@esbuild/linux-riscv64@0.18.11":
    version "0.18.11"
    resolved "https://registry.yarnpkg.com/@esbuild/linux-riscv64/-/linux-riscv64-0.18.11.tgz#7ce6e6cee1c72d5b4d2f4f8b6fcccf4a9bea0e28"
    integrity sha512-evUoRPWiwuFk++snjH9e2cAjF5VVSTj+Dnf+rkO/Q20tRqv+644279TZlPK8nUGunjPAtQRCj1jQkDAvL6rm2w==
  
  "@esbuild/linux-s390x@0.18.11":
    version "0.18.11"
    resolved "https://registry.yarnpkg.com/@esbuild/linux-s390x/-/linux-s390x-0.18.11.tgz#98fbc794363d02ded07d300df2e535650b297b96"
    integrity sha512-/SlRJ15XR6i93gRWquRxYCfhTeC5PdqEapKoLbX63PLCmAkXZHY2uQm2l9bN0oPHBsOw2IswRZctMYS0MijFcg==
  
  "@esbuild/linux-x64@0.18.11":
    version "0.18.11"
    resolved "https://registry.yarnpkg.com/@esbuild/linux-x64/-/linux-x64-0.18.11.tgz#f8458ec8cf74c8274e4cacd00744d8446cac52eb"
    integrity sha512-xcncej+wF16WEmIwPtCHi0qmx1FweBqgsRtEL1mSHLFR6/mb3GEZfLQnx+pUDfRDEM4DQF8dpXIW7eDOZl1IbA==
  
  "@esbuild/netbsd-x64@0.18.11":
    version "0.18.11"
    resolved "https://registry.yarnpkg.com/@esbuild/netbsd-x64/-/netbsd-x64-0.18.11.tgz#a7b2f991b8293748a7be42eac1c4325faf0c7cca"
    integrity sha512-aSjMHj/F7BuS1CptSXNg6S3M4F3bLp5wfFPIJM+Km2NfIVfFKhdmfHF9frhiCLIGVzDziggqWll0B+9AUbud/Q==
  
  "@esbuild/openbsd-x64@0.18.11":
    version "0.18.11"
    resolved "https://registry.yarnpkg.com/@esbuild/openbsd-x64/-/openbsd-x64-0.18.11.tgz#3e50923de84c54008f834221130fd23646072b2f"
    integrity sha512-tNBq+6XIBZtht0xJGv7IBB5XaSyvYPCm1PxJ33zLQONdZoLVM0bgGqUrXnJyiEguD9LU4AHiu+GCXy/Hm9LsdQ==
  
  "@esbuild/sunos-x64@0.18.11":
    version "0.18.11"
    resolved "https://registry.yarnpkg.com/@esbuild/sunos-x64/-/sunos-x64-0.18.11.tgz#ae47a550b0cd395de03606ecfba03cc96c7c19e2"
    integrity sha512-kxfbDOrH4dHuAAOhr7D7EqaYf+W45LsAOOhAet99EyuxxQmjbk8M9N4ezHcEiCYPaiW8Dj3K26Z2V17Gt6p3ng==
  
  "@esbuild/win32-arm64@0.18.11":
    version "0.18.11"
    resolved "https://registry.yarnpkg.com/@esbuild/win32-arm64/-/win32-arm64-0.18.11.tgz#05d364582b7862d7fbf4698ef43644f7346dcfcc"
    integrity sha512-Sh0dDRyk1Xi348idbal7lZyfSkjhJsdFeuC13zqdipsvMetlGiFQNdO+Yfp6f6B4FbyQm7qsk16yaZk25LChzg==
  
  "@esbuild/win32-ia32@0.18.11":
    version "0.18.11"
    resolved "https://registry.yarnpkg.com/@esbuild/win32-ia32/-/win32-ia32-0.18.11.tgz#a3372095a4a1939da672156a3c104f8ce85ee616"
    integrity sha512-o9JUIKF1j0rqJTFbIoF4bXj6rvrTZYOrfRcGyL0Vm5uJ/j5CkBD/51tpdxe9lXEDouhRgdr/BYzUrDOvrWwJpg==
  
  "@esbuild/win32-x64@0.18.11":
    version "0.18.11"
    resolved "https://registry.yarnpkg.com/@esbuild/win32-x64/-/win32-x64-0.18.11.tgz#6526c7e1b40d5b9f0a222c6b767c22f6fb97aa57"
    integrity sha512-rQI4cjLHd2hGsM1LqgDI7oOCYbQ6IBOVsX9ejuRMSze0GqXUG2ekwiKkiBU1pRGSeCqFFHxTrcEydB2Hyoz9CA==
  
  "@loaders.gl/core@^3.4.2":
    version "3.4.6"
    resolved "https://registry.yarnpkg.com/@loaders.gl/core/-/core-3.4.6.tgz#f0f155d9ea0859e072d205bb74b2c8bb4c3f9510"
    integrity sha512-9nang7w+McOg3ZippyFNz0+FuJu4bSkQkwpnIjUEr61JUiwpmRy5IakZP/LnmhZuzCy5+lDFj921md/l8Tduaw==
    dependencies:
      "@babel/runtime" "^7.3.1"
      "@loaders.gl/loader-utils" "3.4.6"
      "@loaders.gl/worker-utils" "3.4.6"
      "@probe.gl/log" "^4.0.1"
  
  "@loaders.gl/images@^3.4.2":
    version "3.4.6"
    resolved "https://registry.yarnpkg.com/@loaders.gl/images/-/images-3.4.6.tgz#7affe0a5a6a68df4f3f36169b7af54151c371e41"
    integrity sha512-zwM6lXATGxxIe27X1gPyqcgXb6ql9gPkoNlb5pWOrF1D8DrFFjTJSLV9p6WGrVKMZKeioJ2PK8ZnkeRiOYkveA==
    dependencies:
      "@loaders.gl/loader-utils" "3.4.6"
  
  "@loaders.gl/loader-utils@3.4.6":
    version "3.4.6"
    resolved "https://registry.yarnpkg.com/@loaders.gl/loader-utils/-/loader-utils-3.4.6.tgz#207d3ee0fb9b5c4bbd615b9f57b34c4ad68ce307"
    integrity sha512-AN56Tvomas7bOZlrMEDforJWwS6DuXXFT/MsxOR/2vvzhutLDxYSuG4dZ9g5ejqJkiboDLAL3aghXXWekyToaw==
    dependencies:
      "@babel/runtime" "^7.3.1"
      "@loaders.gl/worker-utils" "3.4.6"
      "@probe.gl/stats" "^4.0.1"
  
  "@loaders.gl/schema@^3.4.2":
    version "3.4.6"
    resolved "https://registry.yarnpkg.com/@loaders.gl/schema/-/schema-3.4.6.tgz#463a905e8156d62c9723a5708e911b6831ccc4eb"
    integrity sha512-uvToDknGCEL0TIZY1Rn76lQ0m22kUtVxE0HbgfgzwkT7dlXeT92F5yD4VVVL8qTX4oqh2xUySPQIaiAqdkGCvg==
    dependencies:
      "@types/geojson" "^7946.0.7"
  
  "@loaders.gl/worker-utils@3.4.6":
    version "3.4.6"
    resolved "https://registry.yarnpkg.com/@loaders.gl/worker-utils/-/worker-utils-3.4.6.tgz#b340162e8e7adbd6444dcd1b0da02d059cdc7ba1"
    integrity sha512-1Ns2d5HbJ22u9PDfEqoDWhg2F3zyYZUCQBmfmSW9Yuxblt2M0pRyB01VvAhPCnLovldvesHu+o16FsgkqieybQ==
    dependencies:
      "@babel/runtime" "^7.3.1"
  
  "@luma.gl/constants@8.5.20", "@luma.gl/constants@^8.5.20":
    version "8.5.20"
    resolved "https://registry.yarnpkg.com/@luma.gl/constants/-/constants-8.5.20.tgz#91de116f68110fb28a000b59747d34d54bc06ab2"
    integrity sha512-5yG+ybkUZ4j6kLPWMZjN4Hun2yLB0MyEpNCRKAUN9/yS9UIWA7unyVxjSf2vnE7k/7dywtxlbXegASNFgNVGxw==
  
  "@luma.gl/core@^8.5.20":
    version "8.5.20"
    resolved "https://registry.yarnpkg.com/@luma.gl/core/-/core-8.5.20.tgz#8b6cea7b5d7230e8b2848c310fc092af2c652571"
    integrity sha512-xJr96G6vhYcznYHC84fbeOG3fgNM4lFwj9bd0VPcg/Kfe8otUeN1Hl0AKHCCtNn48PiMSg3LKbaiRfNUMhaffQ==
    dependencies:
      "@babel/runtime" "^7.0.0"
      "@luma.gl/constants" "8.5.20"
      "@luma.gl/engine" "8.5.20"
      "@luma.gl/gltools" "8.5.20"
      "@luma.gl/shadertools" "8.5.20"
      "@luma.gl/webgl" "8.5.20"
  
  "@luma.gl/engine@8.5.20":
    version "8.5.20"
    resolved "https://registry.yarnpkg.com/@luma.gl/engine/-/engine-8.5.20.tgz#5ef3fa7b69a3bcfeda5991ed9f1d75445cbfbf13"
    integrity sha512-+0ryJ/4gL1pWaEgZimY21jUPt1LYiO6Cqte8TNUprCfAHoAStsuzD7jwgEqnM6jJOUEdIxQ3w0z3Dzw/0KIE+w==
    dependencies:
      "@babel/runtime" "^7.0.0"
      "@luma.gl/constants" "8.5.20"
      "@luma.gl/gltools" "8.5.20"
      "@luma.gl/shadertools" "8.5.20"
      "@luma.gl/webgl" "8.5.20"
      "@math.gl/core" "^3.5.0"
      "@probe.gl/env" "^3.5.0"
      "@probe.gl/stats" "^3.5.0"
      "@types/offscreencanvas" "^2019.7.0"
  
  "@luma.gl/gltools@8.5.20":
    version "8.5.20"
    resolved "https://registry.yarnpkg.com/@luma.gl/gltools/-/gltools-8.5.20.tgz#eb35b44b185a83e2e46f1a4f61b51661b95aaf32"
    integrity sha512-5pP6ph9FSX5gHiVWQM1DmYRUnriklzKUG9yaqlQsKEqCFsOcKB0EfK3MfBVXIfsOdP/1bJZ9Dlz/zV19soWVhg==
    dependencies:
      "@babel/runtime" "^7.0.0"
      "@luma.gl/constants" "8.5.20"
      "@probe.gl/env" "^3.5.0"
      "@probe.gl/log" "^3.5.0"
      "@types/offscreencanvas" "^2019.7.0"
  
  "@luma.gl/shadertools@8.5.20", "@luma.gl/shadertools@^8.5.20":
    version "8.5.20"
    resolved "https://registry.yarnpkg.com/@luma.gl/shadertools/-/shadertools-8.5.20.tgz#ee09f3880acdd1599619dead3ca5fbe4116bb8b6"
    integrity sha512-q1lrCZy1ncIFb4mMjsYgISLzNP6eMnhLUY+Oltj/qjAMcPEssCeHN2+XGfP/CVtU+O7sC+5JY2bQGaTs6HQ/Qw==
    dependencies:
      "@babel/runtime" "^7.0.0"
      "@math.gl/core" "^3.5.0"
  
  "@luma.gl/webgl@8.5.20", "@luma.gl/webgl@^8.5.20":
    version "8.5.20"
    resolved "https://registry.yarnpkg.com/@luma.gl/webgl/-/webgl-8.5.20.tgz#7eef0d695a2a62d0bbe57227c239930a4acf179f"
    integrity sha512-p/kt9KztywH4l+09XHoZ4cPFOoE7xlZXIBMT8rxRVgfe1w0lvi7QYh4tOG7gk+iixQ34EyDQacoHCsabdpmqQg==
    dependencies:
      "@babel/runtime" "^7.0.0"
      "@luma.gl/constants" "8.5.20"
      "@luma.gl/gltools" "8.5.20"
      "@probe.gl/env" "^3.5.0"
      "@probe.gl/stats" "^3.5.0"
  
  "@mapbox/geojson-rewind@^0.5.2":
    version "0.5.2"
    resolved "https://registry.yarnpkg.com/@mapbox/geojson-rewind/-/geojson-rewind-0.5.2.tgz#591a5d71a9cd1da1a0bf3420b3bea31b0fc7946a"
    integrity sha512-tJaT+RbYGJYStt7wI3cq4Nl4SXxG8W7JDG5DMJu97V25RnbNg3QtQtf+KD+VLjNpWKYsRvXDNmNrBgEETr1ifA==
    dependencies:
      get-stream "^6.0.1"
      minimist "^1.2.6"
  
  "@mapbox/geojson-types@^1.0.2":
    version "1.0.2"
    resolved "https://registry.yarnpkg.com/@mapbox/geojson-types/-/geojson-types-1.0.2.tgz#9aecf642cb00eab1080a57c4f949a65b4a5846d6"
    integrity sha512-e9EBqHHv3EORHrSfbR9DqecPNn+AmuAoQxV6aL8Xu30bJMJR1o8PZLZzpk1Wq7/NfCbuhmakHTPYRhoqLsXRnw==
  
  "@mapbox/jsonlint-lines-primitives@^2.0.2":
    version "2.0.2"
    resolved "https://registry.yarnpkg.com/@mapbox/jsonlint-lines-primitives/-/jsonlint-lines-primitives-2.0.2.tgz#ce56e539f83552b58d10d672ea4d6fc9adc7b234"
    integrity sha512-rY0o9A5ECsTQRVhv7tL/OyDpGAoUB4tTvLiW1DSzQGq4bvTPhNw1VpSNjDJc5GFZ2XuyOtSWSVN05qOtcD71qQ==
  
  "@mapbox/mapbox-gl-supported@^1.5.0":
    version "1.5.0"
    resolved "https://registry.yarnpkg.com/@mapbox/mapbox-gl-supported/-/mapbox-gl-supported-1.5.0.tgz#f60b6a55a5d8e5ee908347d2ce4250b15103dc8e"
    integrity sha512-/PT1P6DNf7vjEEiPkVIRJkvibbqWtqnyGaBz3nfRdcxclNSnSdaLU5tfAgcD7I8Yt5i+L19s406YLl1koLnLbg==
  
  "@mapbox/point-geometry@0.1.0", "@mapbox/point-geometry@^0.1.0", "@mapbox/point-geometry@~0.1.0":
    version "0.1.0"
    resolved "https://registry.yarnpkg.com/@mapbox/point-geometry/-/point-geometry-0.1.0.tgz#8a83f9335c7860effa2eeeca254332aa0aeed8f2"
    integrity sha512-6j56HdLTwWGO0fJPlrZtdU/B13q8Uwmo18Ck2GnGgN9PCFyKTZ3UbXeEdRFh18i9XQ92eH2VdtpJHpBD3aripQ==
  
  "@mapbox/tiny-sdf@^1.1.1":
    version "1.2.5"
    resolved "https://registry.yarnpkg.com/@mapbox/tiny-sdf/-/tiny-sdf-1.2.5.tgz#424c620a96442b20402552be70a7f62a8407cc59"
    integrity sha512-cD8A/zJlm6fdJOk6DqPUV8mcpyJkRz2x2R+/fYcWDYG3oWbG7/L7Yl/WqQ1VZCjnL9OTIMAn6c+BC5Eru4sQEw==
  
  "@mapbox/tiny-sdf@^2.0.5":
    version "2.0.6"
    resolved "https://registry.yarnpkg.com/@mapbox/tiny-sdf/-/tiny-sdf-2.0.6.tgz#9a1d33e5018093e88f6a4df2343e886056287282"
    integrity sha512-qMqa27TLw+ZQz5Jk+RcwZGH7BQf5G/TrutJhspsca/3SHwmgKQ1iq+d3Jxz5oysPVYTGP6aXxCo5Lk9Er6YBAA==
  
  "@mapbox/unitbezier@^0.0.0":
    version "0.0.0"
    resolved "https://registry.yarnpkg.com/@mapbox/unitbezier/-/unitbezier-0.0.0.tgz#15651bd553a67b8581fb398810c98ad86a34524e"
    integrity sha512-HPnRdYO0WjFjRTSwO3frz1wKaU649OBFPX3Zo/2WZvuRi6zMiRGui8SnPQiQABgqCf8YikDe5t3HViTVw1WUzA==
  
  "@mapbox/vector-tile@^1.3.1":
    version "1.3.1"
    resolved "https://registry.yarnpkg.com/@mapbox/vector-tile/-/vector-tile-1.3.1.tgz#d3a74c90402d06e89ec66de49ec817ff53409666"
    integrity sha512-MCEddb8u44/xfQ3oD+Srl/tNcQoqTw3goGk2oLsrFxOTc3dUp+kAnby3PvAeeBYSMSjSPD1nd1AJA6W49WnoUw==
    dependencies:
      "@mapbox/point-geometry" "~0.1.0"
  
  "@mapbox/whoots-js@^3.1.0":
    version "3.1.0"
    resolved "https://registry.yarnpkg.com/@mapbox/whoots-js/-/whoots-js-3.1.0.tgz#497c67a1cef50d1a2459ba60f315e448d2ad87fe"
    integrity sha512-Es6WcD0nO5l+2BOQS4uLfNPYQaNDfbot3X1XUoloz+x0mPDS3eeORZJl06HXjwBG1fOGwCRnzK88LMdxKRrd6Q==
  
  "@math.gl/core@3.6.3", "@math.gl/core@^3.5.0", "@math.gl/core@^3.6.2":
    version "3.6.3"
    resolved "https://registry.yarnpkg.com/@math.gl/core/-/core-3.6.3.tgz#a6bf796ed421093099749d609de8d99a3ac20a53"
    integrity sha512-jBABmDkj5uuuE0dTDmwwss7Cup5ZwQ6Qb7h1pgvtkEutTrhkcv8SuItQNXmF45494yIHeoGue08NlyeY6wxq2A==
    dependencies:
      "@babel/runtime" "^7.12.0"
      "@math.gl/types" "3.6.3"
      gl-matrix "^3.4.0"
  
  "@math.gl/polygon@^3.6.2":
    version "3.6.3"
    resolved "https://registry.yarnpkg.com/@math.gl/polygon/-/polygon-3.6.3.tgz#0c19c0b059cedde1cd760cc3796e9180f75bcbde"
    integrity sha512-FivQ1ZnYcAss1wVifOkHP/ZnlfQy1IL/769uzNtiHxwUbW0kZG3yyOZ9I7fwyzR5Hvqt3ErJKHjSYZr0uVlz5g==
    dependencies:
      "@math.gl/core" "3.6.3"
  
  "@math.gl/sun@^3.6.2":
    version "3.6.3"
    resolved "https://registry.yarnpkg.com/@math.gl/sun/-/sun-3.6.3.tgz#30c15612313b56349c568f21f39c0e0f0e77b2df"
    integrity sha512-mrx6CGYYeTNSQttvcw0KVUy+35YDmnjMqpO/o0t06Vcghrt0HNruB/ScRgUSbJrgkbOg1Vcqm23HBd++clzQzw==
    dependencies:
      "@babel/runtime" "^7.12.0"
  
  "@math.gl/types@3.6.3":
    version "3.6.3"
    resolved "https://registry.yarnpkg.com/@math.gl/types/-/types-3.6.3.tgz#9fa9866feabcbb76de107d78ff3a89c0243ac374"
    integrity sha512-3uWLVXHY3jQxsXCr/UCNPSc2BG0hNUljhmOBt9l+lNFDp7zHgm0cK2Tw4kj2XfkJy4TgwZTBGwRDQgWEbLbdTA==
  
  "@math.gl/web-mercator@^3.6.2":
    version "3.6.3"
    resolved "https://registry.yarnpkg.com/@math.gl/web-mercator/-/web-mercator-3.6.3.tgz#ef91168e030eecffc788618d686e8a6c1d7a0bf8"
    integrity sha512-UVrkSOs02YLehKaehrxhAejYMurehIHPfFQvPFZmdJHglHOU4V2cCUApTVEwOksvCp161ypEqVp+9H6mGhTTcw==
    dependencies:
      "@babel/runtime" "^7.12.0"
      gl-matrix "^3.4.0"
  
  "@probe.gl/env@3.6.0", "@probe.gl/env@^3.5.0":
    version "3.6.0"
    resolved "https://registry.yarnpkg.com/@probe.gl/env/-/env-3.6.0.tgz#33343fd9041a14d21374c1911826d4a2f9d9a35d"
    integrity sha512-4tTZYUg/8BICC3Yyb9rOeoKeijKbZHRXBEKObrfPmX4sQmYB15ZOUpoVBhAyJkOYVAM8EkPci6Uw5dLCwx2BEQ==
    dependencies:
      "@babel/runtime" "^7.0.0"
  
  "@probe.gl/env@4.0.4":
    version "4.0.4"
    resolved "https://registry.yarnpkg.com/@probe.gl/env/-/env-4.0.4.tgz#ea4e7d16f143faaf1e863316c6ccfe68db8b66a4"
    integrity sha512-sYNGqesDfWD6dFP5oNZtTeFA4Z6ak5T4a8BNPdNhoqy7PK9w70JHrb6mv+RKWqKXq33KiwCDWL7fYxx2HuEH2w==
    dependencies:
      "@babel/runtime" "^7.0.0"
  
  "@probe.gl/log@^3.5.0":
    version "3.6.0"
    resolved "https://registry.yarnpkg.com/@probe.gl/log/-/log-3.6.0.tgz#c645bfd22b4769dc65161caa17f13bd2b231e413"
    integrity sha512-hjpyenpEvOdowgZ1qMeCJxfRD4JkKdlXz0RC14m42Un62NtOT+GpWyKA4LssT0+xyLULCByRAtG2fzZorpIAcA==
    dependencies:
      "@babel/runtime" "^7.0.0"
      "@probe.gl/env" "3.6.0"
  
  "@probe.gl/log@^4.0.1":
    version "4.0.4"
    resolved "https://registry.yarnpkg.com/@probe.gl/log/-/log-4.0.4.tgz#e42d1d0e22981c4010521c350cad2305bce02976"
    integrity sha512-WpmXl6njlBMwrm8HBh/b4kSp/xnY1VVmeT4PWUKF+RkVbFuKQbsU11dA1IxoMd7gSY+5DGIwxGfAv1H5OMzA4A==
    dependencies:
      "@babel/runtime" "^7.0.0"
      "@probe.gl/env" "4.0.4"
  
  "@probe.gl/stats@^3.5.0":
    version "3.6.0"
    resolved "https://registry.yarnpkg.com/@probe.gl/stats/-/stats-3.6.0.tgz#a1bb12860fa6f40b9c028f9eb575d7ada0b4dbdd"
    integrity sha512-JdALQXB44OP4kUBN/UrQgzbJe4qokbVF4Y8lkIA8iVCFnjVowWIgkD/z/0QO65yELT54tTrtepw1jScjKB+rhQ==
    dependencies:
      "@babel/runtime" "^7.0.0"
  
  "@probe.gl/stats@^4.0.1":
    version "4.0.4"
    resolved "https://registry.yarnpkg.com/@probe.gl/stats/-/stats-4.0.4.tgz#b33a47bf192951d0789dfd2044b295c3709386bd"
    integrity sha512-SDuSY/D4yDL6LQDa69l/GCcnZLRiGYdyvYkxWb0CgnzTPdPrcdrzGkzkvpC3zsA4fEFw2smlDje370QGHwlisg==
    dependencies:
      "@babel/runtime" "^7.0.0"
  
  "@types/geojson@*", "@types/geojson@^7946.0.7":
    version "7946.0.10"
    resolved "https://registry.yarnpkg.com/@types/geojson/-/geojson-7946.0.10.tgz#6dfbf5ea17142f7f9a043809f1cd4c448cb68249"
    integrity sha512-Nmh0K3iWQJzniTuPRcJn5hxXkfB1T1pgB89SBig5PlJQU5yocazeu4jATJlaA0GYFKWMqDdvYemoSnF2pXgLVA==
  
  "@types/hammerjs@^2.0.41":
    version "2.0.41"
    resolved "https://registry.yarnpkg.com/@types/hammerjs/-/hammerjs-2.0.41.tgz#f6ecf57d1b12d2befcce00e928a6a097c22980aa"
    integrity sha512-ewXv/ceBaJprikMcxCmWU1FKyMAQ2X7a9Gtmzw8fcg2kIePI1crERDM818W+XYrxqdBBOdlf2rm137bU+BltCA==
  
  "@types/mapbox-gl@^2.6.3":
    version "2.7.11"
    resolved "https://registry.yarnpkg.com/@types/mapbox-gl/-/mapbox-gl-2.7.11.tgz#c9b9ed2ed24970aeef947609fdfcfcf826a3aa49"
    integrity sha512-4vSwPSTQIawZTFRiTY2R74aZwAiM9gE6KGj871xdyAPpa+DmEObXxQQXqL2PsMH31/rP9nxJ2Kv0boeTVJMXVw==
    dependencies:
      "@types/geojson" "*"
  
  "@types/offscreencanvas@^2019.7.0":
    version "2019.7.0"
    resolved "https://registry.yarnpkg.com/@types/offscreencanvas/-/offscreencanvas-2019.7.0.tgz#e4a932069db47bb3eabeb0b305502d01586fa90d"
    integrity sha512-PGcyveRIpL1XIqK8eBsmRBt76eFgtzuPiSTyKHZxnGemp2yzGzWpjYKAfK3wIMiU7eH+851yEpiuP8JZerTmWg==
  
  csscolorparser@~1.0.3:
    version "1.0.3"
    resolved "https://registry.yarnpkg.com/csscolorparser/-/csscolorparser-1.0.3.tgz#b34f391eea4da8f3e98231e2ccd8df9c041f171b"
    integrity sha512-umPSgYwZkdFoUrH5hIq5kf0wPSXiro51nPw0j2K/c83KflkPSTBGMz6NJvMB+07VlL0y7VPo6QJcDjcgKTTm3w==
  
  d3-hexbin@^0.2.1:
    version "0.2.2"
    resolved "https://registry.yarnpkg.com/d3-hexbin/-/d3-hexbin-0.2.2.tgz#9c5837dacfd471ab05337a9e91ef10bfc4f98831"
    integrity sha512-KS3fUT2ReD4RlGCjvCEm1RgMtp2NFZumdMu4DBzQK8AZv3fXRM6Xm8I4fSU07UXvH4xxg03NwWKWdvxfS/yc4w==
  
  earcut@^2.2.2, earcut@^2.2.4:
    version "2.2.4"
    resolved "https://registry.yarnpkg.com/earcut/-/earcut-2.2.4.tgz#6d02fd4d68160c114825d06890a92ecaae60343a"
    integrity sha512-/pjZsA1b4RPHbeWZQn66SWS8nZZWLQQ23oE3Eam7aroEFGEvwKAsJfZ9ytiEMycfzXWpca4FA9QIOehf7PocBQ==
  
  esbuild@^0.18.10:
    version "0.18.11"
    resolved "https://registry.yarnpkg.com/esbuild/-/esbuild-0.18.11.tgz#cbf94dc3359d57f600a0dbf281df9b1d1b4a156e"
    integrity sha512-i8u6mQF0JKJUlGR3OdFLKldJQMMs8OqM9Cc3UCi9XXziJ9WERM5bfkHaEAy0YAvPRMgqSW55W7xYn84XtEFTtA==
    optionalDependencies:
      "@esbuild/android-arm" "0.18.11"
      "@esbuild/android-arm64" "0.18.11"
      "@esbuild/android-x64" "0.18.11"
      "@esbuild/darwin-arm64" "0.18.11"
      "@esbuild/darwin-x64" "0.18.11"
      "@esbuild/freebsd-arm64" "0.18.11"
      "@esbuild/freebsd-x64" "0.18.11"
      "@esbuild/linux-arm" "0.18.11"
      "@esbuild/linux-arm64" "0.18.11"
      "@esbuild/linux-ia32" "0.18.11"
      "@esbuild/linux-loong64" "0.18.11"
      "@esbuild/linux-mips64el" "0.18.11"
      "@esbuild/linux-ppc64" "0.18.11"
      "@esbuild/linux-riscv64" "0.18.11"
      "@esbuild/linux-s390x" "0.18.11"
      "@esbuild/linux-x64" "0.18.11"
      "@esbuild/netbsd-x64" "0.18.11"
      "@esbuild/openbsd-x64" "0.18.11"
      "@esbuild/sunos-x64" "0.18.11"
      "@esbuild/win32-arm64" "0.18.11"
      "@esbuild/win32-ia32" "0.18.11"
      "@esbuild/win32-x64" "0.18.11"
  
  fsevents@~2.3.2:
    version "2.3.2"
    resolved "https://registry.yarnpkg.com/fsevents/-/fsevents-2.3.2.tgz#8a526f78b8fdf4623b709e0b975c52c24c02fd1a"
    integrity sha512-xiqMQR4xAeHTuB9uWm+fFRcIOgKBMiOBP+eXiyT7jsgVCq1bkVygt00oASowB7EdtpOHaaPgKt812P9ab+DDKA==
  
  geojson-vt@^3.2.1:
    version "3.2.1"
    resolved "https://registry.yarnpkg.com/geojson-vt/-/geojson-vt-3.2.1.tgz#f8adb614d2c1d3f6ee7c4265cad4bbf3ad60c8b7"
    integrity sha512-EvGQQi/zPrDA6zr6BnJD/YhwAkBP8nnJ9emh3EnHQKVMfg/MRVtPbMYdgVy/IaEmn4UfagD2a6fafPDL5hbtwg==
  
  get-stream@^6.0.1:
    version "6.0.1"
    resolved "https://registry.yarnpkg.com/get-stream/-/get-stream-6.0.1.tgz#a262d8eef67aced57c2852ad6167526a43cbf7b7"
    integrity sha512-ts6Wi+2j3jQjqi70w5AlN8DFnkSwC+MqmxEzdEALB2qXZYV3X/b1CTfgPLGJNMeAWxdPfU8FO1ms3NUfaHCPYg==
  
  gl-matrix@^3.0.0, gl-matrix@^3.2.1, gl-matrix@^3.4.0:
    version "3.4.3"
    resolved "https://registry.yarnpkg.com/gl-matrix/-/gl-matrix-3.4.3.tgz#fc1191e8320009fd4d20e9339595c6041ddc22c9"
    integrity sha512-wcCp8vu8FT22BnvKVPjXa/ICBWRq/zjFfdofZy1WSpQZpphblv12/bOQLBC1rMM7SGOFS9ltVmKOHil5+Ml7gA==
  
  grid-index@^1.1.0:
    version "1.1.0"
    resolved "https://registry.yarnpkg.com/grid-index/-/grid-index-1.1.0.tgz#97f8221edec1026c8377b86446a7c71e79522ea7"
    integrity sha512-HZRwumpOGUrHyxO5bqKZL0B0GlUpwtCAzZ42sgxUPniu33R1LSFH5yrIcBCHjkctCAh3mtWKcKd9J4vDDdeVHA==
  
  hammerjs@^2.0.8:
    version "2.0.8"
    resolved "https://registry.yarnpkg.com/hammerjs/-/hammerjs-2.0.8.tgz#04ef77862cff2bb79d30f7692095930222bf60f1"
    integrity sha512-tSQXBXS/MWQOn/RKckawJ61vvsDpCom87JgxiYdGwHdOa0ht0vzUWDlfioofFCRU0L+6NGDt6XzbgoJvZkMeRQ==
  
  ieee754@^1.1.12:
    version "1.2.1"
    resolved "https://registry.yarnpkg.com/ieee754/-/ieee754-1.2.1.tgz#8eb7a10a63fff25d15a57b001586d177d1b0d352"
    integrity sha512-dcyqhDvX1C46lXZcVqCpK+FtMRQVdIMN6/Df5js2zouUsqG7I6sFxitIC+7KYK29KdXOLHdu9zL4sFnoVQnqaA==
  
  kdbush@^3.0.0:
    version "3.0.0"
    resolved "https://registry.yarnpkg.com/kdbush/-/kdbush-3.0.0.tgz#f8484794d47004cc2d85ed3a79353dbe0abc2bf0"
    integrity sha512-hRkd6/XW4HTsA9vjVpY9tuXJYLSlelnkTmVFu4M9/7MIYQtFcHpbugAU7UbOfjOiVSVYl2fqgBuJ32JUmRo5Ew==
  
  mapbox-gl@^1.13.0:
    version "1.13.3"
    resolved "https://registry.yarnpkg.com/mapbox-gl/-/mapbox-gl-1.13.3.tgz#e024829cfc353f6e99275592061d15dfd7f41a71"
    integrity sha512-p8lJFEiqmEQlyv+DQxFAOG/XPWN0Wp7j/Psq93Zywz7qt9CcUKFYDBOoOEKzqe6gudHVJY8/Bhqw6VDpX2lSBg==
    dependencies:
      "@mapbox/geojson-rewind" "^0.5.2"
      "@mapbox/geojson-types" "^1.0.2"
      "@mapbox/jsonlint-lines-primitives" "^2.0.2"
      "@mapbox/mapbox-gl-supported" "^1.5.0"
      "@mapbox/point-geometry" "^0.1.0"
      "@mapbox/tiny-sdf" "^1.1.1"
      "@mapbox/unitbezier" "^0.0.0"
      "@mapbox/vector-tile" "^1.3.1"
      "@mapbox/whoots-js" "^3.1.0"
      csscolorparser "~1.0.3"
      earcut "^2.2.2"
      geojson-vt "^3.2.1"
      gl-matrix "^3.2.1"
      grid-index "^1.1.0"
      murmurhash-js "^1.0.0"
      pbf "^3.2.1"
      potpack "^1.0.1"
      quickselect "^2.0.0"
      rw "^1.3.3"
      supercluster "^7.1.0"
      tinyqueue "^2.0.3"
      vt-pbf "^3.1.1"
  
  math.gl@^3.6.2:
    version "3.6.3"
    resolved "https://registry.yarnpkg.com/math.gl/-/math.gl-3.6.3.tgz#f87e0d24cb33c1a215185ae3a4e16839f1ce6db2"
    integrity sha512-Yq9CyECvSDox9+5ETi2+x1bGTY5WvGUGL3rJfC4KPoCZAM51MGfrCm6rIn4yOJUVfMPs2a5RwMD+yGS/n1g3gg==
    dependencies:
      "@math.gl/core" "3.6.3"
  
  minimist@^1.2.6:
    version "1.2.8"
    resolved "https://registry.yarnpkg.com/minimist/-/minimist-1.2.8.tgz#c1a464e7693302e082a075cee0c057741ac4772c"
    integrity sha512-2yyAR8qBkN3YuheJanUpWC5U3bb5osDywNB8RzDVlDwDHbocAJveqqj1u8+SVD7jkWT4yvsHCpWqqWqAxb0zCA==
  
  mjolnir.js@^2.7.0:
    version "2.7.1"
    resolved "https://registry.yarnpkg.com/mjolnir.js/-/mjolnir.js-2.7.1.tgz#4e12590fe168b377c9c669b9c31aa5a62f8b8460"
    integrity sha512-72BeUWgTv2cj5aZQKpwL8caNUFhXZ9bDm1hxpNj70XJQ62IBnTZmtv/WPxJvtaVNhzNo+D2U8O6ryNI0zImYcw==
    dependencies:
      "@types/hammerjs" "^2.0.41"
      hammerjs "^2.0.8"
  
  murmurhash-js@^1.0.0:
    version "1.0.0"
    resolved "https://registry.yarnpkg.com/murmurhash-js/-/murmurhash-js-1.0.0.tgz#b06278e21fc6c37fa5313732b0412bcb6ae15f51"
    integrity sha512-TvmkNhkv8yct0SVBSy+o8wYzXjE4Zz3PCesbfs8HiCXXdcTuocApFv11UWlNFWKYsP2okqrhb7JNlSm9InBhIw==
  
  nanoid@^3.3.6:
    version "3.3.6"
    resolved "https://registry.yarnpkg.com/nanoid/-/nanoid-3.3.6.tgz#443380c856d6e9f9824267d960b4236ad583ea4c"
    integrity sha512-BGcqMMJuToF7i1rt+2PWSNVnWIkGCU78jBG3RxO/bZlnZPK2Cmi2QaffxGO/2RvWi9sL+FAiRiXMgsyxQ1DIDA==
  
  pbf@^3.2.1:
    version "3.2.1"
    resolved "https://registry.yarnpkg.com/pbf/-/pbf-3.2.1.tgz#b4c1b9e72af966cd82c6531691115cc0409ffe2a"
    integrity sha512-ClrV7pNOn7rtmoQVF4TS1vyU0WhYRnP92fzbfF75jAIwpnzdJXf8iTd4CMEqO4yUenH6NDqLiwjqlh6QgZzgLQ==
    dependencies:
      ieee754 "^1.1.12"
      resolve-protobuf-schema "^2.1.0"
  
  picocolors@^1.0.0:
    version "1.0.0"
    resolved "https://registry.yarnpkg.com/picocolors/-/picocolors-1.0.0.tgz#cb5bdc74ff3f51892236eaf79d68bc44564ab81c"
    integrity sha512-1fygroTLlHu66zi26VoTDv8yRgm0Fccecssto+MhsZ0D/DGW2sm8E8AjW7NU5VVTRt5GxbeZ5qBuJr+HyLYkjQ==
  
  postcss@^8.4.24:
    version "8.4.25"
    resolved "https://registry.yarnpkg.com/postcss/-/postcss-8.4.25.tgz#4a133f5e379eda7f61e906c3b1aaa9b81292726f"
    integrity sha512-7taJ/8t2av0Z+sQEvNzCkpDynl0tX3uJMCODi6nT3PfASC7dYCWV9aQ+uiCf+KBD4SEFcu+GvJdGdwzQ6OSjCw==
    dependencies:
      nanoid "^3.3.6"
      picocolors "^1.0.0"
      source-map-js "^1.0.2"
  
  potpack@^1.0.1:
    version "1.0.2"
    resolved "https://registry.yarnpkg.com/potpack/-/potpack-1.0.2.tgz#23b99e64eb74f5741ffe7656b5b5c4ddce8dfc14"
    integrity sha512-choctRBIV9EMT9WGAZHn3V7t0Z2pMQyl0EZE6pFc/6ml3ssw7Dlf/oAOvFwjm1HVsqfQN8GfeFyJ+d8tRzqueQ==
  
  protocol-buffers-schema@^3.3.1:
    version "3.6.0"
    resolved "https://registry.yarnpkg.com/protocol-buffers-schema/-/protocol-buffers-schema-3.6.0.tgz#77bc75a48b2ff142c1ad5b5b90c94cd0fa2efd03"
    integrity sha512-TdDRD+/QNdrCGCE7v8340QyuXd4kIWIgapsE2+n/SaGiSSbomYl4TjHlvIoCWRpE7wFt02EpB35VVA2ImcBVqw==
  
  quickselect@^2.0.0:
    version "2.0.0"
    resolved "https://registry.yarnpkg.com/quickselect/-/quickselect-2.0.0.tgz#f19680a486a5eefb581303e023e98faaf25dd018"
    integrity sha512-RKJ22hX8mHe3Y6wH/N3wCM6BWtjaxIyyUIkpHOvfFnxdI4yD4tBXEBKSbriGujF6jnSVkJrffuo6vxACiSSxIw==
  
  regenerator-runtime@^0.13.11:
    version "0.13.11"
    resolved "https://registry.yarnpkg.com/regenerator-runtime/-/regenerator-runtime-0.13.11.tgz#f6dca3e7ceec20590d07ada785636a90cdca17f9"
    integrity sha512-kY1AZVr2Ra+t+piVaJ4gxaFaReZVH40AKNo7UCX6W+dEwBo/2oZJzqfuN1qLq1oL45o56cPaTXELwrTh8Fpggg==
  
  resolve-protobuf-schema@^2.1.0:
    version "2.1.0"
    resolved "https://registry.yarnpkg.com/resolve-protobuf-schema/-/resolve-protobuf-schema-2.1.0.tgz#9ca9a9e69cf192bbdaf1006ec1973948aa4a3758"
    integrity sha512-kI5ffTiZWmJaS/huM8wZfEMer1eRd7oJQhDuxeCLe3t7N7mX3z94CN0xPxBQxFYQTSNz9T0i+v6inKqSdK8xrQ==
    dependencies:
      protocol-buffers-schema "^3.3.1"
  
  rollup@^3.25.2:
    version "3.26.2"
    resolved "https://registry.yarnpkg.com/rollup/-/rollup-3.26.2.tgz#2e76a37606cb523fc9fef43e6f59c93f86d95e7c"
    integrity sha512-6umBIGVz93er97pMgQO08LuH3m6PUb3jlDUUGFsNJB6VgTCUaDFpupf5JfU30529m/UKOgmiX+uY6Sx8cOYpLA==
    optionalDependencies:
      fsevents "~2.3.2"
  
  rw@^1.3.3:
    version "1.3.3"
    resolved "https://registry.yarnpkg.com/rw/-/rw-1.3.3.tgz#3f862dfa91ab766b14885ef4d01124bfda074fb4"
    integrity sha512-PdhdWy89SiZogBLaw42zdeqtRJ//zFd2PgQavcICDUgJT5oW10QCRKbJ6bg4r0/UY2M6BWd5tkxuGFRvCkgfHQ==
  
  source-map-js@^1.0.2:
    version "1.0.2"
    resolved "https://registry.yarnpkg.com/source-map-js/-/source-map-js-1.0.2.tgz#adbc361d9c62df380125e7f161f71c826f1e490c"
    integrity sha512-R0XvVJ9WusLiqTCEiGCmICCMplcCkIwwR11mOSD9CR5u+IXYdiseeEuXCVAjS54zqwkLcPNnmU4OeJ6tUrWhDw==
  
  supercluster@^7.1.0:
    version "7.1.5"
    resolved "https://registry.yarnpkg.com/supercluster/-/supercluster-7.1.5.tgz#65a6ce4a037a972767740614c19051b64b8be5a3"
    integrity sha512-EulshI3pGUM66o6ZdH3ReiFcvHpM3vAigyK+vcxdjpJyEbIIrtbmBdY23mGgnI24uXiGFvrGq9Gkum/8U7vJWg==
    dependencies:
      kdbush "^3.0.0"
  
  tinyqueue@^2.0.3:
    version "2.0.3"
    resolved "https://registry.yarnpkg.com/tinyqueue/-/tinyqueue-2.0.3.tgz#64d8492ebf39e7801d7bd34062e29b45b2035f08"
    integrity sha512-ppJZNDuKGgxzkHihX8v9v9G5f+18gzaTfrukGrq6ueg0lmH4nqVnA2IPG0AEH3jKEk2GRJCUhDoqpoiw3PHLBA==
  
  vite@^4.0.0:
    version "4.4.2"
    resolved "https://registry.yarnpkg.com/vite/-/vite-4.4.2.tgz#acd47de771c498aec80e4900f30133d9529b278a"
    integrity sha512-zUcsJN+UvdSyHhYa277UHhiJ3iq4hUBwHavOpsNUGsTgjBeoBlK8eDt+iT09pBq0h9/knhG/SPrZiM7cGmg7NA==
    dependencies:
      esbuild "^0.18.10"
      postcss "^8.4.24"
      rollup "^3.25.2"
    optionalDependencies:
      fsevents "~2.3.2"
  
  vt-pbf@^3.1.1:
    version "3.1.3"
    resolved "https://registry.yarnpkg.com/vt-pbf/-/vt-pbf-3.1.3.tgz#68fd150756465e2edae1cc5c048e063916dcfaac"
    integrity sha512-2LzDFzt0mZKZ9IpVF2r69G9bXaP2Q2sArJCmcCgvfTdCCZzSyz4aCLoQyUilu37Ll56tCblIZrXFIjNUpGIlmA==
    dependencies:
      "@mapbox/point-geometry" "0.1.0"
      "@mapbox/vector-tile" "^1.3.1"
      pbf "^3.2.1"
